18/04/2019 21:32:28:WARNING:torrent: Can't connect to transmission, torrent task won't work
18/04/2019 21:32:28:INFO:discord.client: logging in using static token
18/04/2019 21:32:29:INFO:discord.gateway: Created websocket connected to wss://gateway.discord.gg?encoding=json&v=6&compress=zlib-stream
18/04/2019 21:32:29:INFO:discord.gateway: Shard ID None has sent the IDENTIFY payload.
18/04/2019 21:32:29:INFO:discord.gateway: Shard ID None has connected to Gateway: gateway-prd-main-hftk, discord-sessions-prd-1-22 (Session ID: a0042ad4bc754f1e9099462c5c889676).
18/04/2019 21:32:31:INFO:streamer_feeder: lasqa
18/04/2019 21:32:31:INFO:streamer_feeder: honeymad
18/04/2019 21:32:31:INFO:streamer_feeder: melharucos
18/04/2019 21:32:31:INFO:streamer_feeder: karmikkoala
18/04/2019 21:32:34:INFO:anime_info: Synonyms for JoJo no Kimyou na Bouken: Ougon no Kaze loaded
18/04/2019 21:32:38:INFO:anime_info: Synonyms for One Punch Man 2nd Season loaded
18/04/2019 21:32:42:INFO:anime_info: Synonyms for Sewayaki Kitsune no Senko-san loaded
18/04/2019 21:32:47:INFO:anime_info: Synonyms for Shingeki no Kyojin Season 3 Part 2 loaded
18/04/2019 21:32:50:INFO:proxy: Proxies loaded. Size: 3200
18/04/2019 21:32:53:INFO:anime_feeder: Rss has been read
18/04/2019 21:32:57:INFO:streamer_feeder: Twitch and goodgame have been read
18/04/2019 21:39:09:WARNING:torrent: Can't connect to transmission, torrent task won't work
18/04/2019 21:39:09:INFO:discord.client: logging in using static token
18/04/2019 21:39:10:INFO:discord.gateway: Created websocket connected to wss://gateway.discord.gg?encoding=json&v=6&compress=zlib-stream
18/04/2019 21:39:10:INFO:discord.gateway: Shard ID None has sent the IDENTIFY payload.
18/04/2019 21:39:12:INFO:discord.gateway: Shard ID None has connected to Gateway: gateway-prd-main-1cmv, discord-sessions-prd-1-20 (Session ID: 8ccef544115138a0a9f5fbbefb49a497).
18/04/2019 21:39:14:INFO:streamer_feeder: lasqa
18/04/2019 21:39:14:INFO:streamer_feeder: honeymad
18/04/2019 21:39:14:INFO:streamer_feeder: melharucos
18/04/2019 21:39:14:INFO:streamer_feeder: karmikkoala
18/04/2019 21:39:14:WARNING:discord.gateway: Unknown event PRESENCES_REPLACE.
18/04/2019 21:39:17:INFO:anime_info: Synonyms for JoJo no Kimyou na Bouken: Ougon no Kaze loaded
18/04/2019 21:39:21:INFO:anime_info: Synonyms for One Punch Man 2nd Season loaded
18/04/2019 21:39:26:INFO:anime_info: Synonyms for Sewayaki Kitsune no Senko-san loaded
18/04/2019 21:39:30:INFO:anime_info: Synonyms for Shingeki no Kyojin Season 3 Part 2 loaded
18/04/2019 21:39:33:INFO:proxy: Proxies loaded. Size: 3302
18/04/2019 21:39:39:INFO:anime_feeder: Rss has been read
18/04/2019 21:39:40:INFO:streamer_feeder: Twitch and goodgame have been read
19/04/2019 19:13:58:WARNING:torrent: Can't connect to transmission, torrent task won't work
19/04/2019 19:13:58:INFO:discord.client: logging in using static token
19/04/2019 19:13:59:INFO:discord.client: Cleaning up event loop.
19/04/2019 19:13:59:INFO:discord.client: Cleaning up after 3 tasks.
19/04/2019 19:13:59:ERROR:asyncio: Task exception was never retrieved
future: <Task finished coro=<Client.start() done, defined at C:\Python\lib\site-packages\discord\client.py:500> exception=LoginFailure('Improper token has been passed.',)>
Traceback (most recent call last):
  File "C:\Python\lib\site-packages\discord\http.py", line 258, in static_login
    data = await self.request(Route('GET', '/users/@me'))
  File "C:\Python\lib\site-packages\discord\http.py", line 222, in request
    raise HTTPException(r, data)
discord.errors.HTTPException: UNAUTHORIZED (status code: 401): 401: Unauthorized

The above exception was the direct cause of the following exception:

Traceback (most recent call last):
  File "C:\Python\lib\site-packages\discord\client.py", line 508, in start
    await self.login(*args, bot=bot)
  File "C:\Python\lib\site-packages\discord\client.py", line 380, in login
    await self.http.static_login(token, bot=bot)
  File "C:\Python\lib\site-packages\discord\http.py", line 262, in static_login
    raise LoginFailure('Improper token has been passed.') from exc
discord.errors.LoginFailure: Improper token has been passed.
19/04/2019 19:15:17:WARNING:torrent: Can't connect to transmission, torrent task won't work
19/04/2019 19:15:17:INFO:discord.client: logging in using static token
19/04/2019 19:15:18:INFO:discord.gateway: Created websocket connected to wss://gateway.discord.gg?encoding=json&v=6&compress=zlib-stream
19/04/2019 19:15:18:INFO:discord.gateway: Shard ID None has sent the IDENTIFY payload.
19/04/2019 19:15:18:INFO:discord.gateway: Shard ID None has connected to Gateway: gateway-prd-main-3r61, discord-sessions-prd-1-26 (Session ID: 8e6fd6ac1725ca30f2ea5881e401f09f).
19/04/2019 19:15:20:INFO:streamer_feeder: lasqa
19/04/2019 19:15:20:INFO:streamer_feeder: honeymad
19/04/2019 19:15:20:INFO:streamer_feeder: melharucos
19/04/2019 19:15:20:INFO:streamer_feeder: karmikkoala
19/04/2019 19:15:20:INFO:motion: Motion started to work
19/04/2019 19:15:23:INFO:anime_info: Synonyms for JoJo no Kimyou na Bouken: Ougon no Kaze loaded
19/04/2019 19:15:27:INFO:anime_info: Synonyms for One Punch Man 2nd Season loaded
19/04/2019 19:15:32:INFO:anime_info: Synonyms for Sewayaki Kitsune no Senko-san loaded
19/04/2019 19:15:36:INFO:anime_info: Synonyms for Shingeki no Kyojin Season 3 Part 2 loaded
19/04/2019 19:15:40:INFO:proxy: Proxies loaded. Size: 2884
19/04/2019 19:15:43:WARNING:anime_feeder: Failed to load Nyaa.si: ClientProxyConnectionError(10061, "Connect call failed ('117.91.255.190', 9999)")
19/04/2019 19:15:46:INFO:streamer_feeder: Twitch and goodgame have been read
19/04/2019 19:18:16:WARNING:torrent: Can't connect to transmission, torrent task won't work
19/04/2019 19:18:16:INFO:discord.client: logging in using static token
19/04/2019 19:18:17:INFO:discord.gateway: Created websocket connected to wss://gateway.discord.gg?encoding=json&v=6&compress=zlib-stream
19/04/2019 19:18:17:INFO:discord.gateway: Shard ID None has sent the IDENTIFY payload.
19/04/2019 19:18:17:INFO:discord.gateway: Shard ID None has connected to Gateway: gateway-prd-main-llqb, discord-sessions-prd-1-25 (Session ID: e5367a3cf9148cb0761ed4c0003e29a2).
19/04/2019 19:18:19:INFO:streamer_feeder: lasqa
19/04/2019 19:18:19:INFO:streamer_feeder: honeymad
19/04/2019 19:18:19:INFO:streamer_feeder: melharucos
19/04/2019 19:18:19:INFO:streamer_feeder: karmikkoala
19/04/2019 19:18:19:INFO:motion: Motion started to work
19/04/2019 19:18:22:INFO:anime_info: Synonyms for JoJo no Kimyou na Bouken: Ougon no Kaze loaded
19/04/2019 19:18:26:INFO:anime_info: Synonyms for One Punch Man 2nd Season loaded
19/04/2019 19:18:30:INFO:anime_info: Synonyms for Sewayaki Kitsune no Senko-san loaded
19/04/2019 19:18:35:INFO:anime_info: Synonyms for Shingeki no Kyojin Season 3 Part 2 loaded
19/04/2019 19:18:38:INFO:proxy: Proxies loaded. Size: 1889
19/04/2019 19:18:45:WARNING:anime_feeder: Failed to load Nyaa.si: TimeoutError()
19/04/2019 19:18:45:INFO:streamer_feeder: Twitch and goodgame have been read
19/04/2019 19:18:55:WARNING:anime_feeder: Failed to load Nyaa.si: TimeoutError()
19/04/2019 19:19:06:WARNING:anime_feeder: Failed to load Nyaa.si: TimeoutError()
19/11/2019 19:11:13:WARNING:torrent: Can't connect to transmission, torrent task won't work
19/11/2019 19:11:13:INFO:discord.client: logging in using static token
19/11/2019 19:11:13:INFO:discord.gateway: Created websocket connected to wss://gateway.discord.gg?encoding=json&v=6&compress=zlib-stream
19/11/2019 19:11:13:INFO:discord.gateway: Shard ID None has sent the IDENTIFY payload.
19/11/2019 19:11:14:INFO:discord.gateway: Shard ID None has connected to Gateway: ["gateway-prd-main-7px3",{"micros":38411,"calls":["discord-sessions-prd-1-33",{"micros":36939,"calls":["start_session",{"micros":32381,"calls":["api-prd-main-2hjb",{"micros":27865,"calls":["get_user",{"micros":2450},"add_authorized_ip",{"micros":1284},"get_guilds",{"micros":2301},"coros_wait",{"micros":3}]}]},"guilds_connect",{"micros":2,"calls":[]},"presence_connect",{"micros":3812,"calls":[]}]}]}] (Session ID: b9a21e33828736250f8678805b2c40a9).
19/11/2019 19:11:16:INFO:streamer_feeder: lasqa
19/11/2019 19:11:16:INFO:streamer_feeder: honeymad
19/11/2019 19:11:16:INFO:streamer_feeder: melharucos
19/11/2019 19:11:16:INFO:streamer_feeder: karmikkoala
19/11/2019 19:11:16:INFO:motion: Motion started to work
19/11/2019 19:11:16:WARNING:vk_api: Error while getting new posts from vk group: KeyError('response',)
19/11/2019 19:11:16:ERROR:asyncio: Task exception was never retrieved
future: <Task finished coro=<StreamerFeeder.group_feed_loop() done, defined at C:\Git\discordbot\streamer_feeder.py:60> exception=TypeError("argument of type 'NoneType' is not iterable",)>
Traceback (most recent call last):
  File "C:\Git\discordbot\streamer_feeder.py", line 71, in group_feed_loop
    if 'attachments' in res:
TypeError: argument of type 'NoneType' is not iterable
19/11/2019 19:11:18:INFO:anime_info: Synonyms for Azur Lane loaded
19/11/2019 19:11:23:INFO:anime_info: Synonyms for Machikado Mazoku loaded
19/11/2019 19:11:27:INFO:anime_info: Synonyms for Haibane Renmei loaded
19/11/2019 19:11:31:INFO:anime_info: Synonyms for Violet Evergarden Gaiden: Eien to Jidou Shuki Ningyou loaded
19/11/2019 19:11:35:INFO:proxy: Proxies loaded. Size: 308
19/11/2019 19:11:38:INFO:anime_feeder: Rss has been read
19/11/2019 19:11:42:INFO:streamer_feeder: Twitch and goodgame have been read
19/11/2019 19:14:36:WARNING:torrent: Can't connect to transmission, torrent task won't work
19/11/2019 19:14:36:INFO:discord.client: logging in using static token
19/11/2019 19:14:37:INFO:discord.gateway: Created websocket connected to wss://gateway.discord.gg?encoding=json&v=6&compress=zlib-stream
19/11/2019 19:14:37:INFO:discord.gateway: Shard ID None has sent the IDENTIFY payload.
19/11/2019 19:14:37:INFO:discord.gateway: Shard ID None has connected to Gateway: ["gateway-prd-main-1h15",{"micros":46966,"calls":["discord-sessions-prd-1-16",{"micros":43313,"calls":["start_session",{"micros":40428,"calls":["api-prd-main-9lmd",{"micros":33934,"calls":["get_user",{"micros":4572},"add_authorized_ip",{"micros":5},"get_guilds",{"micros":5095},"coros_wait",{"micros":2}]}]},"guilds_connect",{"micros":2,"calls":[]},"presence_connect",{"micros":1,"calls":[]}]}]}] (Session ID: b575bb1e8034a8dc2257bfd6ec297cbb).
19/11/2019 19:14:39:INFO:streamer_feeder: lasqa
19/11/2019 19:14:39:INFO:streamer_feeder: honeymad
19/11/2019 19:14:39:INFO:streamer_feeder: melharucos
19/11/2019 19:14:39:INFO:streamer_feeder: karmikkoala
19/11/2019 19:14:39:INFO:motion: Motion started to work
19/11/2019 19:14:39:WARNING:vk_api: Error while getting new posts from vk group: KeyError('response',)
19/11/2019 19:14:39:ERROR:asyncio: Task exception was never retrieved
future: <Task finished coro=<StreamerFeeder.group_feed_loop() done, defined at C:\Git\discordbot\streamer_feeder.py:60> exception=TypeError("argument of type 'NoneType' is not iterable",)>
Traceback (most recent call last):
  File "C:\Git\discordbot\streamer_feeder.py", line 71, in group_feed_loop
    if 'attachments' in res:
TypeError: argument of type 'NoneType' is not iterable
19/11/2019 19:14:42:INFO:anime_info: Synonyms for Azur Lane loaded
19/11/2019 19:14:47:INFO:anime_info: Synonyms for Machikado Mazoku loaded
19/11/2019 19:14:51:INFO:anime_info: Synonyms for Haibane Renmei loaded
19/11/2019 19:14:55:INFO:anime_info: Synonyms for Violet Evergarden Gaiden: Eien to Jidou Shuki Ningyou loaded
19/11/2019 19:14:59:INFO:proxy: Proxies loaded. Size: 308
19/11/2019 19:15:01:INFO:anime_feeder: Rss has been read
19/11/2019 19:15:06:INFO:streamer_feeder: Twitch and goodgame have been read
